<?xml version="1.0" encoding="UTF-8"?>
<!-- Generated by org.testng.reporters.JUnitXMLReporter -->
<testsuite ignored="0" hostname="DESKTOP-78GUNEG" failures="1" tests="2" name="ChromeTest" time="20.807" errors="0" timestamp="2021-04-15T09:31:53 EDT">
  <testcase classname="testCases.TC_001_AccountRegistration" name="test_account_Registration" time="6.523">
    <failure type="java.lang.AssertionError">
      <![CDATA[java.lang.AssertionError
at org.junit.Assert.fail(Assert.java:86)
at org.junit.Assert.assertTrue(Assert.java:41)
at org.junit.Assert.assertTrue(Assert.java:52)
at testCases.TC_001_AccountRegistration.test_account_Registration(TC_001_AccountRegistration.java:59)
at java.base/java.util.ArrayList.forEach(ArrayList.java:1511)
... Removed 27 stack frames]]>
    </failure>
  </testcase> <!-- test_account_Registration -->
  <testcase classname="testCases.TC_002_Login" name="test_Login" time="6.938"/>
</testsuite> <!-- ChromeTest -->
